TN:
SF:/Users/wscholl/ZipGraph/zipgraph-core/src/algorithms.rs
FN:19,<impl Ord for State>::cmp
FN:25,<impl PartialOrd for State>::partial_cmp
FN:31,bfs
FN:67,dfs
FN:102,dijkstra
FN:152,reconstruct_path
FNF:6
FNDA:2,<impl Ord for State>::cmp
FNDA:2,<impl PartialOrd for State>::partial_cmp
FNDA:15,bfs
FNDA:0,dfs
FNDA:6,dijkstra
FNDA:21,reconstruct_path
DA:19,2
DA:20,10
DA:25,2
DA:26,4
DA:31,15
DA:32,30
DA:33,0
DA:35,30
DA:36,0
DA:39,30
DA:40,30
DA:41,30
DA:43,45
DA:44,45
DA:46,120
DA:47,60
DA:48,45
DA:51,214
DA:52,206
DA:53,192
DA:54,240
DA:55,96
DA:60,0
DA:61,0
DA:62,0
DA:67,0
DA:68,0
DA:69,0
DA:71,0
DA:72,0
DA:75,0
DA:76,0
DA:77,0
DA:79,0
DA:81,0
DA:82,0
DA:83,0
DA:86,0
DA:87,0
DA:88,0
DA:89,0
DA:90,0
DA:95,0
DA:96,0
DA:97,0
DA:102,6
DA:103,12
DA:104,0
DA:106,12
DA:107,0
DA:110,18
DA:111,18
DA:112,12
DA:114,18
DA:115,18
DA:116,6
DA:117,6
DA:120,90
DA:121,30
DA:122,30
DA:123,6
DA:126,120
DA:127,0
DA:130,158
DA:131,86
DA:132,215
DA:134,68
DA:135,125
DA:136,125
DA:137,75
DA:138,25
DA:139,25
DA:145,0
DA:146,0
DA:147,0
DA:152,21
DA:157,63
DA:158,42
DA:160,84
DA:161,252
DA:162,189
DA:163,63
DA:165,0
DA:169,21
DA:170,21
LF:85
LH:53
end_of_record
TN:
SF:/Users/wscholl/ZipGraph/zipgraph-core/src/centrality.rs
FN:22,pagerank
FN:88,degree_centrality
FN:109,closeness_centrality
FN:142,betweenness_centrality
FN:199,find_all_shortest_paths
FNF:5
FNDA:2,pagerank
FNDA:1,degree_centrality
FNDA:1,closeness_centrality
FNDA:3,betweenness_centrality
FNDA:21,find_all_shortest_paths
DA:22,2
DA:28,6
DA:29,2
DA:30,1
DA:33,3
DA:34,2
DA:37,3
DA:39,11
DA:42,3
DA:45,1
DA:46,74
DA:48,407
DA:49,370
DA:52,2035
DA:53,2775
DA:54,1850
DA:55,555
DA:56,370
DA:57,185
DA:64,555
DA:65,185
DA:68,600
DA:69,45
DA:72,740
DA:75,111
DA:77,37
DA:78,1
DA:82,1
DA:88,1
DA:89,3
DA:90,1
DA:91,0
DA:94,2
DA:95,2
DA:97,7
DA:98,20
DA:99,10
DA:100,20
DA:103,1
DA:109,1
DA:110,3
DA:111,2
DA:113,9
DA:114,8
DA:115,8
DA:118,36
DA:119,16
DA:120,60
DA:121,12
DA:122,12
DA:127,12
DA:128,4
DA:130,0
DA:133,16
DA:136,1
DA:142,3
DA:143,9
DA:144,9
DA:145,21
DA:147,3
DA:148,2
DA:152,11
DA:153,55
DA:154,25
DA:155,5
DA:159,100
DA:161,40
DA:162,0
DA:165,40
DA:168,220
DA:169,180
DA:170,40
DA:173,120
DA:174,636
DA:175,60
DA:177,72
DA:178,60
DA:185,2
DA:186,1
DA:188,0
DA:191,12
DA:192,5
DA:195,1
DA:199,21
DA:202,42
DA:203,63
DA:204,63
DA:206,63
DA:207,63
DA:210,229
DA:211,208
DA:213,312
DA:214,760
DA:215,739
DA:216,415
DA:217,332
DA:218,332
DA:219,409
DA:220,324
DA:227,42
DA:228,0
DA:232,42
DA:233,84
DA:235,76
DA:236,110
DA:238,281
DA:239,226
DA:241,179
DA:242,264
DA:243,132
DA:244,132
DA:245,207
DA:246,323
DA:247,368
DA:248,368
DA:249,184
DA:254,110
DA:257,21
LF:118
LH:113
end_of_record
TN:
SF:/Users/wscholl/ZipGraph/zipgraph-core/src/graph.rs
FN:18,Node::new
FN:27,Node::with_property
FN:32,Node::with_features
FN:48,Edge::new
FN:57,Edge::with_type
FN:76,Graph::new
FN:81,Graph::with_capacity
FN:92,Graph::new_directed
FN:99,Graph::add_node
FN:110,Graph::add_node_simple
FN:116,Graph::add_edge
FN:143,Graph::node
FN:150,Graph::neighbors
FN:158,Graph::neighbors_with_weights
FN:173,Graph::node_count
FN:178,Graph::edge_count
FN:183,Graph::is_directed
FN:188,Graph::node_ids
FN:193,Graph::edges
FN:198,Graph::degree
FN:206,Graph::clear
FN:215,<impl Default for Graph>::default
FNF:22
FNDA:135,Node::new
FNDA:0,Node::with_property
FNDA:0,Node::with_features
FNDA:120,Edge::new
FNDA:0,Edge::with_type
FNDA:32,Graph::new
FNDA:32,Graph::with_capacity
FNDA:2,Graph::new_directed
FNDA:135,Graph::add_node
FNDA:135,Graph::add_node_simple
FNDA:120,Graph::add_edge
FNDA:0,Graph::node
FNDA:6196,Graph::neighbors
FNDA:24,Graph::neighbors_with_weights
FNDA:16,Graph::node_count
FNDA:9,Graph::edge_count
FNDA:10,Graph::is_directed
FNDA:61,Graph::node_ids
FNDA:0,Graph::edges
FNDA:68,Graph::degree
FNDA:0,Graph::clear
FNDA:0,<impl Default for Graph>::default
DA:18,135
DA:21,405
DA:22,135
DA:27,0
DA:28,0
DA:29,0
DA:32,0
DA:33,0
DA:34,0
DA:48,120
DA:53,120
DA:57,0
DA:58,0
DA:59,0
DA:76,32
DA:77,32
DA:81,32
DA:83,96
DA:84,96
DA:85,32
DA:92,2
DA:93,4
DA:94,2
DA:95,2
DA:99,135
DA:100,270
DA:101,540
DA:102,540
DA:103,270
DA:104,135
DA:106,135
DA:110,135
DA:111,270
DA:112,675
DA:116,120
DA:117,240
DA:118,0
DA:120,240
DA:121,0
DA:124,360
DA:125,720
DA:127,240
DA:128,240
DA:130,240
DA:132,230
DA:133,330
DA:134,330
DA:136,220
DA:139,120
DA:143,0
DA:144,0
DA:145,0
DA:146,0
DA:150,6196
DA:151,6196
DA:152,12392
DA:153,24784
DA:154,12392
DA:158,24
DA:159,24
DA:160,48
DA:161,48
DA:162,24
DA:163,24
DA:164,67
DA:165,86
DA:167,24
DA:169,48
DA:173,16
DA:174,32
DA:178,9
DA:179,18
DA:183,10
DA:184,10
DA:188,61
DA:189,244
DA:193,0
DA:194,0
DA:198,68
DA:199,68
DA:200,136
DA:201,204
DA:202,136
DA:206,0
DA:207,0
DA:208,0
DA:209,0
DA:210,0
DA:215,0
DA:216,0
LF:90
LH:66
end_of_record
TN:
SF:/Users/wscholl/ZipGraph/zipgraph-core/src/parallel.rs
FN:14,parallel_multi_source_bfs
FN:45,parallel_shortest_paths
FN:65,parallel_node_degrees
FN:82,parallel_pagerank
FN:143,parallel_k_hop_neighbors
FN:161,k_hop_neighbors
FNF:6
FNDA:1,parallel_multi_source_bfs
FNDA:1,parallel_shortest_paths
FNDA:1,parallel_node_degrees
FNDA:1,parallel_pagerank
FNDA:1,parallel_k_hop_neighbors
FNDA:2,k_hop_neighbors
DA:14,1
DA:19,2
DA:20,0
DA:23,5
DA:25,5
DA:26,6
DA:27,2
DA:28,6
DA:29,7
DA:30,6
DA:32,2
DA:34,0
DA:38,2
DA:39,1
DA:45,1
DA:50,3
DA:52,4
DA:53,12
DA:54,3
DA:55,9
DA:59,2
DA:65,1
DA:66,3
DA:68,3
DA:70,11
DA:71,70
DA:75,2
DA:82,1
DA:88,3
DA:89,1
DA:90,0
DA:93,3
DA:94,2
DA:96,3
DA:98,21
DA:101,1
DA:102,144
DA:104,528
DA:105,960
DA:107,10080
DA:108,14400
DA:109,9600
DA:110,2592
DA:111,1728
DA:112,864
DA:118,1440
DA:119,480
DA:121,480
DA:126,209
DA:127,130
DA:130,96
DA:132,48
DA:133,1
DA:137,1
DA:143,1
DA:148,3
DA:150,3
DA:151,8
DA:152,2
DA:153,6
DA:157,2
DA:161,2
DA:162,4
DA:163,4
DA:165,6
DA:166,6
DA:168,26
DA:169,8
DA:170,15
DA:171,23
DA:172,24
DA:173,24
DA:174,18
DA:181,6
DA:182,2
LF:75
LH:72
end_of_record
TN:
SF:/Users/wscholl/ZipGraph/zipgraph-core/src/stats.rs
FN:22,GraphStats::from_graph
FN:67,GraphStats::is_sparse
FN:72,GraphStats::is_dense
FN:77,GraphStats::to_feature_vector
FNF:4
FNDA:7,GraphStats::from_graph
FNDA:0,GraphStats::is_sparse
FNDA:0,GraphStats::is_dense
FNDA:1,GraphStats::to_feature_vector
DA:22,7
DA:23,21
DA:24,21
DA:26,7
DA:27,2
DA:30,15
DA:33,85
DA:36,20
DA:37,10
DA:38,20
DA:39,20
DA:41,15
DA:42,0
DA:44,5
DA:47,10
DA:48,5
DA:50,0
DA:60,15
DA:67,0
DA:68,0
DA:72,0
DA:73,0
DA:77,1
DA:78,1
DA:79,1
DA:80,1
DA:81,1
DA:82,1
DA:83,1
DA:84,1
DA:85,2
DA:86,2
DA:87,1
LF:33
LH:27
end_of_record
TN:
SF:/Users/wscholl/ZipGraph/zipgraph-ml/src/algorithm_selector.rs
FN:13,AlgorithmSelector::new
FN:18,AlgorithmSelector::select
FN:38,AlgorithmSelector::select_shortest_path
FN:50,AlgorithmSelector::train
FN:65,AlgorithmSelector::is_trained
FN:71,<impl Default for AlgorithmSelector>::default
FNF:6
FNDA:7,AlgorithmSelector::new
FNDA:1,AlgorithmSelector::select
FNDA:3,AlgorithmSelector::select_shortest_path
FNDA:0,AlgorithmSelector::train
FNDA:1,AlgorithmSelector::is_trained
FNDA:0,<impl Default for AlgorithmSelector>::default
DA:13,7
DA:18,1
DA:19,3
DA:22,1
DA:24,1
DA:25,0
DA:27,0
DA:28,0
DA:30,0
DA:33,0
DA:38,3
DA:39,9
DA:42,3
DA:43,3
DA:45,0
DA:50,0
DA:56,0
DA:57,0
DA:60,0
DA:61,0
DA:65,1
DA:66,1
DA:71,0
DA:72,0
LF:24
LH:11
end_of_record
TN:
SF:/Users/wscholl/ZipGraph/zipgraph-ml/src/anomaly.rs
FN:33,AnomalyDetector::new
FN:41,AnomalyDetector::with_threshold
FN:47,AnomalyDetector::train_on_baseline
FN:55,AnomalyDetector::detect
FN:68,AnomalyDetector::detect_degree_anomalies
FN:112,AnomalyDetector::detect_structural_anomalies
FN:134,<impl Default for AnomalyDetector>::default
FNF:7
FNDA:2,AnomalyDetector::new
FNDA:0,AnomalyDetector::with_threshold
FNDA:0,AnomalyDetector::train_on_baseline
FNDA:1,AnomalyDetector::detect
FNDA:1,AnomalyDetector::detect_degree_anomalies
FNDA:1,AnomalyDetector::detect_structural_anomalies
FNDA:0,<impl Default for AnomalyDetector>::default
DA:33,2
DA:41,0
DA:42,0
DA:43,0
DA:47,0
DA:49,0
DA:50,0
DA:51,0
DA:55,1
DA:56,2
DA:59,5
DA:62,5
DA:64,1
DA:68,1
DA:69,2
DA:71,3
DA:74,45
DA:77,2
DA:78,0
DA:81,4
DA:82,3
DA:83,1
DA:84,12
DA:85,22
DA:86,11
DA:88,1
DA:89,1
DA:90,3
DA:92,13
DA:93,33
DA:94,33
DA:96,12
DA:98,3
DA:99,3
DA:100,2
DA:101,2
DA:102,1
DA:108,1
DA:112,1
DA:113,2
DA:116,13
DA:117,33
DA:118,11
DA:119,0
DA:120,0
DA:121,0
DA:122,0
DA:123,0
DA:129,1
DA:134,0
DA:135,0
LF:51
LH:36
end_of_record
TN:
SF:/Users/wscholl/ZipGraph/zipgraph-ml/src/embeddings.rs
FN:20,NodeEmbeddings::new
FN:34,NodeEmbeddings::get_embedding
FN:45,NodeEmbeddings::set_embedding
FN:64,NodeEmbeddings::cosine_similarity
FN:80,NodeEmbeddings::dimension
FN:85,NodeEmbeddings::node_count
FN:100,Node2VecTrainer::new
FN:111,Node2VecTrainer::with_params
FN:118,Node2VecTrainer::random_walk
FN:139,Node2VecTrainer::generate_walks
FN:156,Node2VecTrainer::train
FNF:11
FNDA:5,NodeEmbeddings::new
FNDA:29,NodeEmbeddings::get_embedding
FNDA:26,NodeEmbeddings::set_embedding
FNDA:1,NodeEmbeddings::cosine_similarity
FNDA:2,NodeEmbeddings::dimension
FNDA:2,NodeEmbeddings::node_count
FNDA:5,Node2VecTrainer::new
FNDA:1,Node2VecTrainer::with_params
FNDA:40,Node2VecTrainer::random_walk
FNDA:3,Node2VecTrainer::generate_walks
FNDA:3,Node2VecTrainer::train
DA:20,5
DA:21,10
DA:22,2031
DA:23,6048
DA:34,29
DA:35,29
DA:36,0
DA:37,0
DA:38,0
DA:41,58
DA:45,26
DA:46,26
DA:47,0
DA:48,0
DA:49,0
DA:52,52
DA:53,0
DA:54,0
DA:55,0
DA:56,0
DA:59,104
DA:60,26
DA:64,1
DA:65,4
DA:66,4
DA:68,137
DA:69,135
DA:70,135
DA:72,2
DA:73,0
DA:76,2
DA:80,2
DA:81,2
DA:85,2
DA:86,2
DA:100,5
DA:111,1
DA:112,1
DA:113,1
DA:114,1
DA:118,40
DA:119,120
DA:120,80
DA:122,40
DA:123,630
DA:125,945
DA:126,1575
DA:128,1575
DA:129,945
DA:131,0
DA:135,40
DA:139,3
DA:140,6
DA:141,9
DA:143,3
DA:144,91
DA:145,195
DA:146,78
DA:147,78
DA:152,3
DA:156,3
DA:157,9
DA:158,3
DA:159,1
DA:163,8
DA:165,4
DA:166,0
DA:170,8
DA:174,6
DA:176,62
DA:177,360
DA:178,3300
DA:179,7200
DA:180,2700
DA:186,43
DA:187,13
DA:189,26
DA:191,26
DA:192,39
DA:193,39
DA:195,39
DA:196,39
DA:198,429
DA:199,832
DA:200,624
DA:203,39
DA:204,39
DA:209,2
LF:88
LH:75
end_of_record
TN:
SF:/Users/wscholl/ZipGraph/zipgraph-ml/src/features.rs
FN:10,FeatureExtractor::extract_basic_features
FN:16,FeatureExtractor::extract_node_features
FN:37,FeatureExtractor::extract_edge_features
FNF:3
FNDA:1,FeatureExtractor::extract_basic_features
FNDA:0,FeatureExtractor::extract_node_features
FNDA:0,FeatureExtractor::extract_edge_features
DA:10,1
DA:11,3
DA:12,2
DA:16,0
DA:17,0
DA:20,0
DA:21,0
DA:23,0
DA:27,0
DA:28,0
DA:30,0
DA:33,0
DA:37,0
DA:38,0
DA:41,0
DA:42,0
DA:44,0
LF:17
LH:3
end_of_record
TN:
SF:/Users/wscholl/ZipGraph/zipgraph-optimizer/src/cache.rs
FN:25,QueryCache::new
FN:33,QueryCache::get
FN:44,QueryCache::insert
FN:63,QueryCache::evict_lru
FN:80,QueryCache::stats
FN:101,QueryCache::clear
FNF:6
FNDA:7,QueryCache::new
FNDA:5,QueryCache::get
FNDA:7,QueryCache::insert
FNDA:1,QueryCache::evict_lru
FNDA:2,QueryCache::stats
FNDA:0,QueryCache::clear
DA:25,7
DA:27,14
DA:33,5
DA:34,15
DA:36,17
DA:37,2
DA:38,2
DA:39,4
DA:44,7
DA:45,21
DA:48,8
DA:49,1
DA:56,7
DA:59,21
DA:63,1
DA:64,2
DA:65,2
DA:67,4
DA:68,4
DA:69,4
DA:70,2
DA:74,3
DA:75,2
DA:80,2
DA:81,4
DA:82,4
DA:84,8
DA:85,4
DA:86,4
DA:90,2
DA:92,2
DA:101,0
DA:102,0
LF:33
LH:31
end_of_record
TN:
SF:/Users/wscholl/ZipGraph/zipgraph-optimizer/src/optimizer.rs
FN:26,QueryOptimizer::new
FN:31,QueryOptimizer::with_cache_size
FN:40,QueryOptimizer::execute
FN:62,QueryOptimizer::shortest_path
FN:79,QueryOptimizer::neighbors
FN:91,QueryOptimizer::execute_query
FN:129,QueryOptimizer::stats
FN:144,QueryOptimizer::clear_cache
FN:150,<impl Default for QueryOptimizer>::default
FNF:9
FNDA:4,QueryOptimizer::new
FNDA:4,QueryOptimizer::with_cache_size
FNDA:4,QueryOptimizer::execute
FNDA:3,QueryOptimizer::shortest_path
FNDA:1,QueryOptimizer::neighbors
FNDA:3,QueryOptimizer::execute_query
FNDA:2,QueryOptimizer::stats
FNDA:0,QueryOptimizer::clear_cache
FNDA:0,<impl Default for QueryOptimizer>::default
DA:26,4
DA:27,4
DA:31,4
DA:33,12
DA:34,4
DA:35,4
DA:40,4
DA:42,9
DA:43,1
DA:44,1
DA:47,3
DA:48,3
DA:51,6
DA:52,15
DA:53,9
DA:56,18
DA:58,3
DA:62,3
DA:68,6
DA:70,12
DA:71,6
DA:72,0
DA:73,0
DA:79,1
DA:80,2
DA:82,4
DA:83,2
DA:84,0
DA:85,0
DA:91,3
DA:92,3
DA:93,4
DA:95,12
DA:97,4
DA:98,0
DA:99,0
DA:101,12
DA:102,2
DA:104,0
DA:107,2
DA:109,1
DA:110,4
DA:111,1
DA:115,0
DA:119,0
DA:123,0
DA:129,2
DA:130,2
DA:135,2
DA:136,2
DA:138,1
DA:144,0
DA:145,0
DA:150,0
DA:151,0
LF:55
LH:41
end_of_record
TN:
SF:/Users/wscholl/ZipGraph/zipgraph-optimizer/src/query.rs
FN:36,Query::fingerprint
FNF:1
FNDA:12,Query::fingerprint
DA:36,12
DA:40,24
DA:41,36
DA:42,24
LF:4
LH:4
end_of_record
